<?xml version="1.0" encoding="UTF-8"?>
<!-- Generated by org.testng.reporters.JUnitXMLReporter -->
<testsuite ignored="0" hostname="shilpatailor.c.googlers.com" failures="2" tests="9" name="RetryMultipleFailedTestCases" time="0.105" errors="0" timestamp="2026-03-28T16:50:28 UTC">
  <testcase classname="mytests.MyTests" name="test1" time="0.019">
    <skipped/>
  </testcase> <!-- test1 -->
  <testcase classname="mytests.MyTests" name="test1" time="0.002">
    <skipped/>
  </testcase> <!-- test1 -->
  <testcase classname="mytests.MyTests" name="test1" time="0.002">
    <skipped/>
  </testcase> <!-- test1 -->
  <testcase classname="mytests.MyTests" name="test1" time="0.002">
    <failure type="java.lang.AssertionError" message="expected [true] but found [false]">
      <![CDATA[java.lang.AssertionError: expected [true] but found [false]
at mytests.MyTests.test1(MyTests.java:10)
at java.base/java.util.ArrayList.forEach(ArrayList.java:1511)
... Removed 34 stack frames]]>
    </failure>
  </testcase> <!-- test1 -->
  <testcase classname="mytests.MyTests" name="test2" time="0.001">
    <skipped/>
  </testcase> <!-- test2 -->
  <testcase classname="mytests.MyTests" name="test2" time="0.001">
    <skipped/>
  </testcase> <!-- test2 -->
  <testcase classname="mytests.MyTests" name="test2" time="0.003">
    <skipped/>
  </testcase> <!-- test2 -->
  <testcase classname="mytests.MyTests" name="test2" time="0.001">
    <failure type="java.lang.AssertionError" message="expected [true] but found [false]">
      <![CDATA[java.lang.AssertionError: expected [true] but found [false]
at mytests.MyTests.test2(MyTests.java:15)
at java.base/java.util.ArrayList.forEach(ArrayList.java:1511)
... Removed 34 stack frames]]>
    </failure>
  </testcase> <!-- test2 -->
  <testcase classname="mytests.MyTests" name="test3" time="0.002"/>
</testsuite> <!-- RetryMultipleFailedTestCases -->
